C51 COMPILER V9.53.0.0   EXTERNAL_INTERRUPT_0                                              12/26/2018 12:11:23 PAGE 1   


C51 COMPILER V9.53.0.0, COMPILATION OF MODULE EXTERNAL_INTERRUPT_0
OBJECT MODULE PLACED IN EXTERNAL_INTERRUPT_0.OBJ
COMPILER INVOKED BY: C:\Keil_v5\C51\BIN\C51.EXE EXTERNAL_INTERRUPT_0.c OPTIMIZE(8,SPEED) BROWSE DEBUG OBJECTEXTEND TABS(
                    -2)

line level    source

   1          #include <reg51.h>
   2          //#include "8051_delay.h"
   3          
   4          sbit LED_1 = P1^0;    /* set LED on port1 */ 
   5          
   6          void External_0_ISR() interrupt 0    
   7          {
   8   1        LED_1 = ~LED_1;
   9   1      }
  10          void main()
  11          {
  12   1        EA  = 1;          /* Enable global interrupt */
  13   1        EX0 = 1;          /* Enable Ext. interrupt0 */      
  14   1        IT0 = 1;          /* Select Ext. interrupt0 on falling edge */  
  15   1      
  16   1        while(1);
  17   1      }


MODULE INFORMATION:   STATIC OVERLAYABLE
   CODE SIZE        =     11    ----
   CONSTANT SIZE    =   ----    ----
   XDATA SIZE       =   ----    ----
   PDATA SIZE       =   ----    ----
   DATA SIZE        =   ----    ----
   IDATA SIZE       =   ----    ----
   BIT SIZE         =   ----    ----
END OF MODULE INFORMATION.


C51 COMPILATION COMPLETE.  0 WARNING(S),  0 ERROR(S)
